  [1m[35m (1.8ms)[0m  [1m[35mCREATE TABLE "schema_migrations" ("version" varchar NOT NULL PRIMARY KEY)[0m
  [1m[35m (0.7ms)[0m  [1m[35mCREATE TABLE "ar_internal_metadata" ("key" varchar NOT NULL PRIMARY KEY, "value" varchar, "created_at" datetime NOT NULL, "updated_at" datetime NOT NULL)[0m
  [1m[36mActiveRecord::InternalMetadata Load (0.2ms)[0m  [1m[34mSELECT  "ar_internal_metadata".* FROM "ar_internal_metadata" WHERE "ar_internal_metadata"."key" = ? LIMIT ?[0m  [["key", :environment], ["LIMIT", 1]]
  [1m[35m (0.0ms)[0m  [1m[36mbegin transaction[0m
  [1m[35mSQL (0.3ms)[0m  [1m[32mINSERT INTO "ar_internal_metadata" ("key", "value", "created_at", "updated_at") VALUES (?, ?, ?, ?)[0m  [["key", "environment"], ["value", "development"], ["created_at", 2017-01-22 17:04:35 UTC], ["updated_at", 2017-01-22 17:04:35 UTC]]
  [1m[35m (0.5ms)[0m  [1m[36mcommit transaction[0m
  [1m[36mActiveRecord::SchemaMigration Load (0.1ms)[0m  [1m[34mSELECT "schema_migrations".* FROM "schema_migrations"[0m
Started GET "/" for ::1 at 2017-01-22 11:12:07 -0600
Processing by Rails::WelcomeController#index as HTML
  Parameters: {"internal"=>true}
  Rendering /Users/mwlang/.rvm/gems/ruby-2.3.1/gems/railties-5.0.1/lib/rails/templates/rails/welcome/index.html.erb
  Rendered /Users/mwlang/.rvm/gems/ruby-2.3.1/gems/railties-5.0.1/lib/rails/templates/rails/welcome/index.html.erb (3.9ms)
Completed 200 OK in 14ms (Views: 11.5ms | ActiveRecord: 0.0ms)


Started GET "/editor" for ::1 at 2017-01-22 11:12:15 -0600
  
ActionController::RoutingError (No route matches [GET] "/editor"):
  
actionpack (5.0.1) lib/action_dispatch/middleware/debug_exceptions.rb:53:in `call'
actionpack (5.0.1) lib/action_dispatch/middleware/show_exceptions.rb:31:in `call'
railties (5.0.1) lib/rails/rack/logger.rb:36:in `call_app'
railties (5.0.1) lib/rails/rack/logger.rb:24:in `block in call'
activesupport (5.0.1) lib/active_support/tagged_logging.rb:69:in `block in tagged'
activesupport (5.0.1) lib/active_support/tagged_logging.rb:26:in `tagged'
activesupport (5.0.1) lib/active_support/tagged_logging.rb:69:in `tagged'
railties (5.0.1) lib/rails/rack/logger.rb:24:in `call'
actionpack (5.0.1) lib/action_dispatch/middleware/request_id.rb:24:in `call'
rack (2.0.1) lib/rack/method_override.rb:22:in `call'
rack (2.0.1) lib/rack/runtime.rb:22:in `call'
activesupport (5.0.1) lib/active_support/cache/strategy/local_cache_middleware.rb:28:in `call'
actionpack (5.0.1) lib/action_dispatch/middleware/executor.rb:12:in `call'
actionpack (5.0.1) lib/action_dispatch/middleware/static.rb:136:in `call'
rack (2.0.1) lib/rack/sendfile.rb:111:in `call'
railties (5.0.1) lib/rails/engine.rb:522:in `call'
rack (2.0.1) lib/rack/handler/webrick.rb:86:in `service'
/Users/mwlang/.rvm/rubies/ruby-2.3.1/lib/ruby/2.3.0/webrick/httpserver.rb:140:in `service'
/Users/mwlang/.rvm/rubies/ruby-2.3.1/lib/ruby/2.3.0/webrick/httpserver.rb:96:in `run'
/Users/mwlang/.rvm/rubies/ruby-2.3.1/lib/ruby/2.3.0/webrick/server.rb:296:in `block in start_thread'
  Rendering /Users/mwlang/.rvm/gems/ruby-2.3.1/gems/actionpack-5.0.1/lib/action_dispatch/middleware/templates/rescues/routing_error.html.erb within rescues/layout
  Rendering /Users/mwlang/.rvm/gems/ruby-2.3.1/gems/actionpack-5.0.1/lib/action_dispatch/middleware/templates/rescues/_trace.html.erb
  Rendered /Users/mwlang/.rvm/gems/ruby-2.3.1/gems/actionpack-5.0.1/lib/action_dispatch/middleware/templates/rescues/_trace.html.erb (1.0ms)
  Rendered collection of /Users/mwlang/.rvm/gems/ruby-2.3.1/gems/actionpack-5.0.1/lib/action_dispatch/middleware/templates/routes/_route.html.erb [1 times] (7.2ms)
  Rendered collection of /Users/mwlang/.rvm/gems/ruby-2.3.1/gems/actionpack-5.0.1/lib/action_dispatch/middleware/templates/routes/_route.html.erb [0 times] (0.0ms)
  Rendered /Users/mwlang/.rvm/gems/ruby-2.3.1/gems/actionpack-5.0.1/lib/action_dispatch/middleware/templates/routes/_table.html.erb (6.9ms)
  Rendering /Users/mwlang/.rvm/gems/ruby-2.3.1/gems/actionpack-5.0.1/lib/action_dispatch/middleware/templates/rescues/_request_and_response.html.erb
  Rendered /Users/mwlang/.rvm/gems/ruby-2.3.1/gems/actionpack-5.0.1/lib/action_dispatch/middleware/templates/rescues/_request_and_response.html.erb (8.0ms)
  Rendered /Users/mwlang/.rvm/gems/ruby-2.3.1/gems/actionpack-5.0.1/lib/action_dispatch/middleware/templates/rescues/routing_error.html.erb within rescues/layout (81.1ms)
Started GET "/editor" for ::1 at 2017-01-22 11:14:43 -0600
  
ActionController::RoutingError (No route matches [GET] "/editor"):
  
actionpack (5.0.1) lib/action_dispatch/middleware/debug_exceptions.rb:53:in `call'
actionpack (5.0.1) lib/action_dispatch/middleware/show_exceptions.rb:31:in `call'
railties (5.0.1) lib/rails/rack/logger.rb:36:in `call_app'
railties (5.0.1) lib/rails/rack/logger.rb:24:in `block in call'
activesupport (5.0.1) lib/active_support/tagged_logging.rb:69:in `block in tagged'
activesupport (5.0.1) lib/active_support/tagged_logging.rb:26:in `tagged'
activesupport (5.0.1) lib/active_support/tagged_logging.rb:69:in `tagged'
railties (5.0.1) lib/rails/rack/logger.rb:24:in `call'
actionpack (5.0.1) lib/action_dispatch/middleware/request_id.rb:24:in `call'
rack (2.0.1) lib/rack/method_override.rb:22:in `call'
rack (2.0.1) lib/rack/runtime.rb:22:in `call'
activesupport (5.0.1) lib/active_support/cache/strategy/local_cache_middleware.rb:28:in `call'
actionpack (5.0.1) lib/action_dispatch/middleware/executor.rb:12:in `call'
actionpack (5.0.1) lib/action_dispatch/middleware/static.rb:136:in `call'
rack (2.0.1) lib/rack/sendfile.rb:111:in `call'
railties (5.0.1) lib/rails/engine.rb:522:in `call'
rack (2.0.1) lib/rack/handler/webrick.rb:86:in `service'
/Users/mwlang/.rvm/rubies/ruby-2.3.1/lib/ruby/2.3.0/webrick/httpserver.rb:140:in `service'
/Users/mwlang/.rvm/rubies/ruby-2.3.1/lib/ruby/2.3.0/webrick/httpserver.rb:96:in `run'
/Users/mwlang/.rvm/rubies/ruby-2.3.1/lib/ruby/2.3.0/webrick/server.rb:296:in `block in start_thread'
  Rendering /Users/mwlang/.rvm/gems/ruby-2.3.1/gems/actionpack-5.0.1/lib/action_dispatch/middleware/templates/rescues/routing_error.html.erb within rescues/layout
  Rendering /Users/mwlang/.rvm/gems/ruby-2.3.1/gems/actionpack-5.0.1/lib/action_dispatch/middleware/templates/rescues/_trace.html.erb
  Rendered /Users/mwlang/.rvm/gems/ruby-2.3.1/gems/actionpack-5.0.1/lib/action_dispatch/middleware/templates/rescues/_trace.html.erb (1.0ms)
  Rendered collection of /Users/mwlang/.rvm/gems/ruby-2.3.1/gems/actionpack-5.0.1/lib/action_dispatch/middleware/templates/routes/_route.html.erb [1 times] (1.1ms)
  Rendered collection of /Users/mwlang/.rvm/gems/ruby-2.3.1/gems/actionpack-5.0.1/lib/action_dispatch/middleware/templates/routes/_route.html.erb [0 times] (0.0ms)
  Rendered /Users/mwlang/.rvm/gems/ruby-2.3.1/gems/actionpack-5.0.1/lib/action_dispatch/middleware/templates/routes/_table.html.erb (5.2ms)
  Rendering /Users/mwlang/.rvm/gems/ruby-2.3.1/gems/actionpack-5.0.1/lib/action_dispatch/middleware/templates/rescues/_request_and_response.html.erb
  Rendered /Users/mwlang/.rvm/gems/ruby-2.3.1/gems/actionpack-5.0.1/lib/action_dispatch/middleware/templates/rescues/_request_and_response.html.erb (6.8ms)
  Rendered /Users/mwlang/.rvm/gems/ruby-2.3.1/gems/actionpack-5.0.1/lib/action_dispatch/middleware/templates/rescues/routing_error.html.erb within rescues/layout (63.8ms)
Started GET "/editor" for ::1 at 2017-01-22 11:21:01 -0600
  
ActionController::RoutingError (No route matches [GET] "/editor"):
  
actionpack (5.0.1) lib/action_dispatch/middleware/debug_exceptions.rb:53:in `call'
actionpack (5.0.1) lib/action_dispatch/middleware/show_exceptions.rb:31:in `call'
railties (5.0.1) lib/rails/rack/logger.rb:36:in `call_app'
railties (5.0.1) lib/rails/rack/logger.rb:24:in `block in call'
activesupport (5.0.1) lib/active_support/tagged_logging.rb:69:in `block in tagged'
activesupport (5.0.1) lib/active_support/tagged_logging.rb:26:in `tagged'
activesupport (5.0.1) lib/active_support/tagged_logging.rb:69:in `tagged'
railties (5.0.1) lib/rails/rack/logger.rb:24:in `call'
actionpack (5.0.1) lib/action_dispatch/middleware/request_id.rb:24:in `call'
rack (2.0.1) lib/rack/method_override.rb:22:in `call'
rack (2.0.1) lib/rack/runtime.rb:22:in `call'
activesupport (5.0.1) lib/active_support/cache/strategy/local_cache_middleware.rb:28:in `call'
actionpack (5.0.1) lib/action_dispatch/middleware/executor.rb:12:in `call'
actionpack (5.0.1) lib/action_dispatch/middleware/static.rb:136:in `call'
rack (2.0.1) lib/rack/sendfile.rb:111:in `call'
railties (5.0.1) lib/rails/engine.rb:522:in `call'
rack (2.0.1) lib/rack/handler/webrick.rb:86:in `service'
/Users/mwlang/.rvm/rubies/ruby-2.3.1/lib/ruby/2.3.0/webrick/httpserver.rb:140:in `service'
/Users/mwlang/.rvm/rubies/ruby-2.3.1/lib/ruby/2.3.0/webrick/httpserver.rb:96:in `run'
/Users/mwlang/.rvm/rubies/ruby-2.3.1/lib/ruby/2.3.0/webrick/server.rb:296:in `block in start_thread'
  Rendering /Users/mwlang/.rvm/gems/ruby-2.3.1/gems/actionpack-5.0.1/lib/action_dispatch/middleware/templates/rescues/routing_error.html.erb within rescues/layout
  Rendering /Users/mwlang/.rvm/gems/ruby-2.3.1/gems/actionpack-5.0.1/lib/action_dispatch/middleware/templates/rescues/_trace.html.erb
  Rendered /Users/mwlang/.rvm/gems/ruby-2.3.1/gems/actionpack-5.0.1/lib/action_dispatch/middleware/templates/rescues/_trace.html.erb (1.1ms)
  Rendered collection of /Users/mwlang/.rvm/gems/ruby-2.3.1/gems/actionpack-5.0.1/lib/action_dispatch/middleware/templates/routes/_route.html.erb [1 times] (1.1ms)
  Rendered collection of /Users/mwlang/.rvm/gems/ruby-2.3.1/gems/actionpack-5.0.1/lib/action_dispatch/middleware/templates/routes/_route.html.erb [8 times] (1.7ms)
  Rendered /Users/mwlang/.rvm/gems/ruby-2.3.1/gems/actionpack-5.0.1/lib/action_dispatch/middleware/templates/routes/_table.html.erb (5.1ms)
  Rendering /Users/mwlang/.rvm/gems/ruby-2.3.1/gems/actionpack-5.0.1/lib/action_dispatch/middleware/templates/rescues/_request_and_response.html.erb
  Rendered /Users/mwlang/.rvm/gems/ruby-2.3.1/gems/actionpack-5.0.1/lib/action_dispatch/middleware/templates/rescues/_request_and_response.html.erb (7.4ms)
  Rendered /Users/mwlang/.rvm/gems/ruby-2.3.1/gems/actionpack-5.0.1/lib/action_dispatch/middleware/templates/rescues/routing_error.html.erb within rescues/layout (66.9ms)
Started GET "/editor/editor" for ::1 at 2017-01-22 11:21:30 -0600
Processing by MediumEditorEngine::EditorController#index as HTML
DEPRECATION WARNING: `render :text` is deprecated because it does not actually render a `text/plain` response. Switch to `render plain: 'plain text'` to render as `text/plain`, `render html: '<strong>HTML</strong>'` to render as `text/html`, or `render body: 'raw'` to match the deprecated behavior and render with the default Content-Type, which is `text/html`. (called from index at /Users/mwlang/projects/gems/medium_editor_engine/app/controllers/medium_editor_engine/editor_controller.rb:9)
  Rendering text template
  Rendered text template (0.0ms)
Completed 200 OK in 2ms (Views: 1.7ms | ActiveRecord: 0.0ms)


Started GET "/editor" for ::1 at 2017-01-22 11:22:01 -0600
  
ActionController::RoutingError (No route matches [GET] "/editor"):
  
actionpack (5.0.1) lib/action_dispatch/middleware/debug_exceptions.rb:53:in `call'
actionpack (5.0.1) lib/action_dispatch/middleware/show_exceptions.rb:31:in `call'
railties (5.0.1) lib/rails/rack/logger.rb:36:in `call_app'
railties (5.0.1) lib/rails/rack/logger.rb:24:in `block in call'
activesupport (5.0.1) lib/active_support/tagged_logging.rb:69:in `block in tagged'
activesupport (5.0.1) lib/active_support/tagged_logging.rb:26:in `tagged'
activesupport (5.0.1) lib/active_support/tagged_logging.rb:69:in `tagged'
railties (5.0.1) lib/rails/rack/logger.rb:24:in `call'
actionpack (5.0.1) lib/action_dispatch/middleware/request_id.rb:24:in `call'
rack (2.0.1) lib/rack/method_override.rb:22:in `call'
rack (2.0.1) lib/rack/runtime.rb:22:in `call'
activesupport (5.0.1) lib/active_support/cache/strategy/local_cache_middleware.rb:28:in `call'
actionpack (5.0.1) lib/action_dispatch/middleware/executor.rb:12:in `call'
actionpack (5.0.1) lib/action_dispatch/middleware/static.rb:136:in `call'
rack (2.0.1) lib/rack/sendfile.rb:111:in `call'
railties (5.0.1) lib/rails/engine.rb:522:in `call'
rack (2.0.1) lib/rack/handler/webrick.rb:86:in `service'
/Users/mwlang/.rvm/rubies/ruby-2.3.1/lib/ruby/2.3.0/webrick/httpserver.rb:140:in `service'
/Users/mwlang/.rvm/rubies/ruby-2.3.1/lib/ruby/2.3.0/webrick/httpserver.rb:96:in `run'
/Users/mwlang/.rvm/rubies/ruby-2.3.1/lib/ruby/2.3.0/webrick/server.rb:296:in `block in start_thread'
  Rendering /Users/mwlang/.rvm/gems/ruby-2.3.1/gems/actionpack-5.0.1/lib/action_dispatch/middleware/templates/rescues/routing_error.html.erb within rescues/layout
  Rendering /Users/mwlang/.rvm/gems/ruby-2.3.1/gems/actionpack-5.0.1/lib/action_dispatch/middleware/templates/rescues/_trace.html.erb
  Rendered /Users/mwlang/.rvm/gems/ruby-2.3.1/gems/actionpack-5.0.1/lib/action_dispatch/middleware/templates/rescues/_trace.html.erb (1.0ms)
  Rendered collection of /Users/mwlang/.rvm/gems/ruby-2.3.1/gems/actionpack-5.0.1/lib/action_dispatch/middleware/templates/routes/_route.html.erb [1 times] (0.8ms)
  Rendered collection of /Users/mwlang/.rvm/gems/ruby-2.3.1/gems/actionpack-5.0.1/lib/action_dispatch/middleware/templates/routes/_route.html.erb [8 times] (1.6ms)
  Rendered /Users/mwlang/.rvm/gems/ruby-2.3.1/gems/actionpack-5.0.1/lib/action_dispatch/middleware/templates/routes/_table.html.erb (1.0ms)
  Rendering /Users/mwlang/.rvm/gems/ruby-2.3.1/gems/actionpack-5.0.1/lib/action_dispatch/middleware/templates/rescues/_request_and_response.html.erb
  Rendered /Users/mwlang/.rvm/gems/ruby-2.3.1/gems/actionpack-5.0.1/lib/action_dispatch/middleware/templates/rescues/_request_and_response.html.erb (0.7ms)
  Rendered /Users/mwlang/.rvm/gems/ruby-2.3.1/gems/actionpack-5.0.1/lib/action_dispatch/middleware/templates/rescues/routing_error.html.erb within rescues/layout (51.4ms)
Started GET "/editor" for ::1 at 2017-01-22 11:22:41 -0600
Processing by MediumEditorEngine::EditorController#index as HTML
DEPRECATION WARNING: `render :text` is deprecated because it does not actually render a `text/plain` response. Switch to `render plain: 'plain text'` to render as `text/plain`, `render html: '<strong>HTML</strong>'` to render as `text/html`, or `render body: 'raw'` to match the deprecated behavior and render with the default Content-Type, which is `text/html`. (called from index at /Users/mwlang/projects/gems/medium_editor_engine/app/controllers/medium_editor_engine/editor_controller.rb:9)
  Rendering text template
  Rendered text template (0.0ms)
Completed 200 OK in 1ms (Views: 0.5ms | ActiveRecord: 0.0ms)


Started GET "/editor" for ::1 at 2017-01-22 11:28:48 -0600
Processing by MediumEditorEngine::EditorController#index as HTML
DEPRECATION WARNING: `render :text` is deprecated because it does not actually render a `text/plain` response. Switch to `render plain: 'plain text'` to render as `text/plain`, `render html: '<strong>HTML</strong>'` to render as `text/html`, or `render body: 'raw'` to match the deprecated behavior and render with the default Content-Type, which is `text/html`. (called from index at /Users/mwlang/projects/gems/medium_editor_engine/app/controllers/medium_editor_engine/editor_controller.rb:9)
  Rendering text template
  Rendered text template (0.0ms)
Completed 200 OK in 3ms (Views: 3.0ms | ActiveRecord: 0.0ms)


Started GET "/editor" for ::1 at 2017-01-22 11:30:23 -0600
Processing by MediumEditorEngine::EditorController#index as HTML
  Rendering /Users/mwlang/projects/gems/medium_editor_engine/app/views/medium_editor_engine/editor/index.html.erb within layouts/medium_editor_engine/application
  Rendered /Users/mwlang/projects/gems/medium_editor_engine/app/views/medium_editor_engine/editor/index.html.erb within layouts/medium_editor_engine/application (29.6ms)
Completed 500 Internal Server Error in 38ms (ActiveRecord: 0.0ms)


  
ActionView::Template::Error (undefined local variable or method `new_editor_path' for #<#<Class:0x007f908eb0a9e8>:0x007f908eaf9c60>):
    4: 
    5: <br>
    6: 
    7: <%= link_to 'New Editor', new_editor_path %>
  
/Users/mwlang/projects/gems/medium_editor_engine/app/views/medium_editor_engine/editor/index.html.erb:7:in `___sers_mwlang_projects_gems_medium_editor_engine_app_views_medium_editor_engine_editor_index_html_erb__1709774316394373683_70129423008120'
actionview (5.0.1) lib/action_view/template.rb:159:in `block in render'
activesupport (5.0.1) lib/active_support/notifications.rb:166:in `instrument'
actionview (5.0.1) lib/action_view/template.rb:354:in `instrument'
actionview (5.0.1) lib/action_view/template.rb:157:in `render'
actionview (5.0.1) lib/action_view/renderer/template_renderer.rb:54:in `block (2 levels) in render_template'
actionview (5.0.1) lib/action_view/renderer/abstract_renderer.rb:42:in `block in instrument'
activesupport (5.0.1) lib/active_support/notifications.rb:164:in `block in instrument'
activesupport (5.0.1) lib/active_support/notifications/instrumenter.rb:21:in `instrument'
activesupport (5.0.1) lib/active_support/notifications.rb:164:in `instrument'
actionview (5.0.1) lib/action_view/renderer/abstract_renderer.rb:41:in `instrument'
actionview (5.0.1) lib/action_view/renderer/template_renderer.rb:53:in `block in render_template'
actionview (5.0.1) lib/action_view/renderer/template_renderer.rb:61:in `render_with_layout'
actionview (5.0.1) lib/action_view/renderer/template_renderer.rb:52:in `render_template'
actionview (5.0.1) lib/action_view/renderer/template_renderer.rb:14:in `render'
actionview (5.0.1) lib/action_view/renderer/renderer.rb:42:in `render_template'
actionview (5.0.1) lib/action_view/renderer/renderer.rb:23:in `render'
actionview (5.0.1) lib/action_view/rendering.rb:103:in `_render_template'
actionpack (5.0.1) lib/action_controller/metal/streaming.rb:217:in `_render_template'
actionview (5.0.1) lib/action_view/rendering.rb:83:in `render_to_body'
actionpack (5.0.1) lib/action_controller/metal/rendering.rb:52:in `render_to_body'
actionpack (5.0.1) lib/action_controller/metal/renderers.rb:142:in `render_to_body'
actionpack (5.0.1) lib/abstract_controller/rendering.rb:26:in `render'
actionpack (5.0.1) lib/action_controller/metal/rendering.rb:36:in `render'
actionpack (5.0.1) lib/action_controller/metal/instrumentation.rb:44:in `block (2 levels) in render'
activesupport (5.0.1) lib/active_support/core_ext/benchmark.rb:12:in `block in ms'
/Users/mwlang/.rvm/rubies/ruby-2.3.1/lib/ruby/2.3.0/benchmark.rb:308:in `realtime'
activesupport (5.0.1) lib/active_support/core_ext/benchmark.rb:12:in `ms'
actionpack (5.0.1) lib/action_controller/metal/instrumentation.rb:44:in `block in render'
actionpack (5.0.1) lib/action_controller/metal/instrumentation.rb:87:in `cleanup_view_runtime'
activerecord (5.0.1) lib/active_record/railties/controller_runtime.rb:25:in `cleanup_view_runtime'
actionpack (5.0.1) lib/action_controller/metal/instrumentation.rb:43:in `render'
actionpack (5.0.1) lib/action_controller/metal/implicit_render.rb:36:in `default_render'
actionpack (5.0.1) lib/action_controller/metal/basic_implicit_render.rb:4:in `block in send_action'
actionpack (5.0.1) lib/action_controller/metal/basic_implicit_render.rb:4:in `tap'
actionpack (5.0.1) lib/action_controller/metal/basic_implicit_render.rb:4:in `send_action'
actionpack (5.0.1) lib/abstract_controller/base.rb:188:in `process_action'
actionpack (5.0.1) lib/action_controller/metal/rendering.rb:30:in `process_action'
actionpack (5.0.1) lib/abstract_controller/callbacks.rb:20:in `block in process_action'
activesupport (5.0.1) lib/active_support/callbacks.rb:126:in `call'
activesupport (5.0.1) lib/active_support/callbacks.rb:506:in `block (2 levels) in compile'
activesupport (5.0.1) lib/active_support/callbacks.rb:455:in `call'
activesupport (5.0.1) lib/active_support/callbacks.rb:101:in `__run_callbacks__'
activesupport (5.0.1) lib/active_support/callbacks.rb:750:in `_run_process_action_callbacks'
activesupport (5.0.1) lib/active_support/callbacks.rb:90:in `run_callbacks'
actionpack (5.0.1) lib/abstract_controller/callbacks.rb:19:in `process_action'
actionpack (5.0.1) lib/action_controller/metal/rescue.rb:20:in `process_action'
actionpack (5.0.1) lib/action_controller/metal/instrumentation.rb:32:in `block in process_action'
activesupport (5.0.1) lib/active_support/notifications.rb:164:in `block in instrument'
activesupport (5.0.1) lib/active_support/notifications/instrumenter.rb:21:in `instrument'
activesupport (5.0.1) lib/active_support/notifications.rb:164:in `instrument'
actionpack (5.0.1) lib/action_controller/metal/instrumentation.rb:30:in `process_action'
actionpack (5.0.1) lib/action_controller/metal/params_wrapper.rb:248:in `process_action'
activerecord (5.0.1) lib/active_record/railties/controller_runtime.rb:18:in `process_action'
actionpack (5.0.1) lib/abstract_controller/base.rb:126:in `process'
actionview (5.0.1) lib/action_view/rendering.rb:30:in `process'
actionpack (5.0.1) lib/action_controller/metal.rb:190:in `dispatch'
actionpack (5.0.1) lib/action_controller/metal.rb:262:in `dispatch'
actionpack (5.0.1) lib/action_dispatch/routing/route_set.rb:50:in `dispatch'
actionpack (5.0.1) lib/action_dispatch/routing/route_set.rb:32:in `serve'
actionpack (5.0.1) lib/action_dispatch/journey/router.rb:39:in `block in serve'
actionpack (5.0.1) lib/action_dispatch/journey/router.rb:26:in `each'
actionpack (5.0.1) lib/action_dispatch/journey/router.rb:26:in `serve'
actionpack (5.0.1) lib/action_dispatch/routing/route_set.rb:725:in `call'
railties (5.0.1) lib/rails/engine.rb:522:in `call'
railties (5.0.1) lib/rails/railtie.rb:193:in `public_send'
railties (5.0.1) lib/rails/railtie.rb:193:in `method_missing'
actionpack (5.0.1) lib/action_dispatch/routing/mapper.rb:17:in `block in <class:Constraints>'
actionpack (5.0.1) lib/action_dispatch/routing/mapper.rb:46:in `serve'
actionpack (5.0.1) lib/action_dispatch/journey/router.rb:39:in `block in serve'
actionpack (5.0.1) lib/action_dispatch/journey/router.rb:26:in `each'
actionpack (5.0.1) lib/action_dispatch/journey/router.rb:26:in `serve'
actionpack (5.0.1) lib/action_dispatch/routing/route_set.rb:725:in `call'
rack (2.0.1) lib/rack/etag.rb:25:in `call'
rack (2.0.1) lib/rack/conditional_get.rb:25:in `call'
rack (2.0.1) lib/rack/head.rb:12:in `call'
rack (2.0.1) lib/rack/session/abstract/id.rb:222:in `context'
rack (2.0.1) lib/rack/session/abstract/id.rb:216:in `call'
actionpack (5.0.1) lib/action_dispatch/middleware/cookies.rb:613:in `call'
activerecord (5.0.1) lib/active_record/migration.rb:553:in `call'
actionpack (5.0.1) lib/action_dispatch/middleware/callbacks.rb:38:in `block in call'
activesupport (5.0.1) lib/active_support/callbacks.rb:97:in `__run_callbacks__'
activesupport (5.0.1) lib/active_support/callbacks.rb:750:in `_run_call_callbacks'
activesupport (5.0.1) lib/active_support/callbacks.rb:90:in `run_callbacks'
actionpack (5.0.1) lib/action_dispatch/middleware/callbacks.rb:36:in `call'
actionpack (5.0.1) lib/action_dispatch/middleware/executor.rb:12:in `call'
actionpack (5.0.1) lib/action_dispatch/middleware/remote_ip.rb:79:in `call'
actionpack (5.0.1) lib/action_dispatch/middleware/debug_exceptions.rb:49:in `call'
actionpack (5.0.1) lib/action_dispatch/middleware/show_exceptions.rb:31:in `call'
railties (5.0.1) lib/rails/rack/logger.rb:36:in `call_app'
railties (5.0.1) lib/rails/rack/logger.rb:24:in `block in call'
activesupport (5.0.1) lib/active_support/tagged_logging.rb:69:in `block in tagged'
activesupport (5.0.1) lib/active_support/tagged_logging.rb:26:in `tagged'
activesupport (5.0.1) lib/active_support/tagged_logging.rb:69:in `tagged'
railties (5.0.1) lib/rails/rack/logger.rb:24:in `call'
actionpack (5.0.1) lib/action_dispatch/middleware/request_id.rb:24:in `call'
rack (2.0.1) lib/rack/method_override.rb:22:in `call'
rack (2.0.1) lib/rack/runtime.rb:22:in `call'
activesupport (5.0.1) lib/active_support/cache/strategy/local_cache_middleware.rb:28:in `call'
actionpack (5.0.1) lib/action_dispatch/middleware/executor.rb:12:in `call'
actionpack (5.0.1) lib/action_dispatch/middleware/static.rb:136:in `call'
rack (2.0.1) lib/rack/sendfile.rb:111:in `call'
railties (5.0.1) lib/rails/engine.rb:522:in `call'
rack (2.0.1) lib/rack/handler/webrick.rb:86:in `service'
/Users/mwlang/.rvm/rubies/ruby-2.3.1/lib/ruby/2.3.0/webrick/httpserver.rb:140:in `service'
/Users/mwlang/.rvm/rubies/ruby-2.3.1/lib/ruby/2.3.0/webrick/httpserver.rb:96:in `run'
/Users/mwlang/.rvm/rubies/ruby-2.3.1/lib/ruby/2.3.0/webrick/server.rb:296:in `block in start_thread'
  Rendering /Users/mwlang/.rvm/gems/ruby-2.3.1/gems/actionpack-5.0.1/lib/action_dispatch/middleware/templates/rescues/template_error.html.erb within rescues/layout
  Rendering /Users/mwlang/.rvm/gems/ruby-2.3.1/gems/actionpack-5.0.1/lib/action_dispatch/middleware/templates/rescues/_source.html.erb
  Rendered /Users/mwlang/.rvm/gems/ruby-2.3.1/gems/actionpack-5.0.1/lib/action_dispatch/middleware/templates/rescues/_source.html.erb (4.9ms)
  Rendering /Users/mwlang/.rvm/gems/ruby-2.3.1/gems/actionpack-5.0.1/lib/action_dispatch/middleware/templates/rescues/_trace.html.erb
  Rendered /Users/mwlang/.rvm/gems/ruby-2.3.1/gems/actionpack-5.0.1/lib/action_dispatch/middleware/templates/rescues/_trace.html.erb (1.6ms)
  Rendering /Users/mwlang/.rvm/gems/ruby-2.3.1/gems/actionpack-5.0.1/lib/action_dispatch/middleware/templates/rescues/_request_and_response.html.erb
  Rendered /Users/mwlang/.rvm/gems/ruby-2.3.1/gems/actionpack-5.0.1/lib/action_dispatch/middleware/templates/rescues/_request_and_response.html.erb (0.7ms)
  Rendered /Users/mwlang/.rvm/gems/ruby-2.3.1/gems/actionpack-5.0.1/lib/action_dispatch/middleware/templates/rescues/template_error.html.erb within rescues/layout (42.7ms)
Started GET "/editor" for ::1 at 2017-01-22 11:30:36 -0600
Processing by MediumEditorEngine::EditorController#index as HTML
  Rendering /Users/mwlang/projects/gems/medium_editor_engine/app/views/medium_editor_engine/editor/index.html.erb within layouts/medium_editor_engine/application
  Rendered /Users/mwlang/projects/gems/medium_editor_engine/app/views/medium_editor_engine/editor/index.html.erb within layouts/medium_editor_engine/application (16.6ms)
Completed 500 Internal Server Error in 22ms (ActiveRecord: 0.0ms)


  
ActionView::Template::Error (undefined local variable or method `new_editor_path' for #<#<Class:0x007f908eb0a9e8>:0x007f908eaba768>):
    4: 
    5: <br>
    6: 
    7: <%= link_to 'New Editor', new_editor_path %>
  
/Users/mwlang/projects/gems/medium_editor_engine/app/views/medium_editor_engine/editor/index.html.erb:7:in `___sers_mwlang_projects_gems_medium_editor_engine_app_views_medium_editor_engine_editor_index_html_erb__1709774316394373683_70129422818280'
actionview (5.0.1) lib/action_view/template.rb:159:in `block in render'
activesupport (5.0.1) lib/active_support/notifications.rb:166:in `instrument'
actionview (5.0.1) lib/action_view/template.rb:354:in `instrument'
actionview (5.0.1) lib/action_view/template.rb:157:in `render'
actionview (5.0.1) lib/action_view/renderer/template_renderer.rb:54:in `block (2 levels) in render_template'
actionview (5.0.1) lib/action_view/renderer/abstract_renderer.rb:42:in `block in instrument'
activesupport (5.0.1) lib/active_support/notifications.rb:164:in `block in instrument'
activesupport (5.0.1) lib/active_support/notifications/instrumenter.rb:21:in `instrument'
activesupport (5.0.1) lib/active_support/notifications.rb:164:in `instrument'
actionview (5.0.1) lib/action_view/renderer/abstract_renderer.rb:41:in `instrument'
actionview (5.0.1) lib/action_view/renderer/template_renderer.rb:53:in `block in render_template'
actionview (5.0.1) lib/action_view/renderer/template_renderer.rb:61:in `render_with_layout'
actionview (5.0.1) lib/action_view/renderer/template_renderer.rb:52:in `render_template'
actionview (5.0.1) lib/action_view/renderer/template_renderer.rb:14:in `render'
actionview (5.0.1) lib/action_view/renderer/renderer.rb:42:in `render_template'
actionview (5.0.1) lib/action_view/renderer/renderer.rb:23:in `render'
actionview (5.0.1) lib/action_view/rendering.rb:103:in `_render_template'
actionpack (5.0.1) lib/action_controller/metal/streaming.rb:217:in `_render_template'
actionview (5.0.1) lib/action_view/rendering.rb:83:in `render_to_body'
actionpack (5.0.1) lib/action_controller/metal/rendering.rb:52:in `render_to_body'
actionpack (5.0.1) lib/action_controller/metal/renderers.rb:142:in `render_to_body'
actionpack (5.0.1) lib/abstract_controller/rendering.rb:26:in `render'
actionpack (5.0.1) lib/action_controller/metal/rendering.rb:36:in `render'
actionpack (5.0.1) lib/action_controller/metal/instrumentation.rb:44:in `block (2 levels) in render'
activesupport (5.0.1) lib/active_support/core_ext/benchmark.rb:12:in `block in ms'
/Users/mwlang/.rvm/rubies/ruby-2.3.1/lib/ruby/2.3.0/benchmark.rb:308:in `realtime'
activesupport (5.0.1) lib/active_support/core_ext/benchmark.rb:12:in `ms'
actionpack (5.0.1) lib/action_controller/metal/instrumentation.rb:44:in `block in render'
actionpack (5.0.1) lib/action_controller/metal/instrumentation.rb:87:in `cleanup_view_runtime'
activerecord (5.0.1) lib/active_record/railties/controller_runtime.rb:25:in `cleanup_view_runtime'
actionpack (5.0.1) lib/action_controller/metal/instrumentation.rb:43:in `render'
actionpack (5.0.1) lib/action_controller/metal/implicit_render.rb:36:in `default_render'
actionpack (5.0.1) lib/action_controller/metal/basic_implicit_render.rb:4:in `block in send_action'
actionpack (5.0.1) lib/action_controller/metal/basic_implicit_render.rb:4:in `tap'
actionpack (5.0.1) lib/action_controller/metal/basic_implicit_render.rb:4:in `send_action'
actionpack (5.0.1) lib/abstract_controller/base.rb:188:in `process_action'
actionpack (5.0.1) lib/action_controller/metal/rendering.rb:30:in `process_action'
actionpack (5.0.1) lib/abstract_controller/callbacks.rb:20:in `block in process_action'
activesupport (5.0.1) lib/active_support/callbacks.rb:126:in `call'
activesupport (5.0.1) lib/active_support/callbacks.rb:506:in `block (2 levels) in compile'
activesupport (5.0.1) lib/active_support/callbacks.rb:455:in `call'
activesupport (5.0.1) lib/active_support/callbacks.rb:101:in `__run_callbacks__'
activesupport (5.0.1) lib/active_support/callbacks.rb:750:in `_run_process_action_callbacks'
activesupport (5.0.1) lib/active_support/callbacks.rb:90:in `run_callbacks'
actionpack (5.0.1) lib/abstract_controller/callbacks.rb:19:in `process_action'
actionpack (5.0.1) lib/action_controller/metal/rescue.rb:20:in `process_action'
actionpack (5.0.1) lib/action_controller/metal/instrumentation.rb:32:in `block in process_action'
activesupport (5.0.1) lib/active_support/notifications.rb:164:in `block in instrument'
activesupport (5.0.1) lib/active_support/notifications/instrumenter.rb:21:in `instrument'
activesupport (5.0.1) lib/active_support/notifications.rb:164:in `instrument'
actionpack (5.0.1) lib/action_controller/metal/instrumentation.rb:30:in `process_action'
actionpack (5.0.1) lib/action_controller/metal/params_wrapper.rb:248:in `process_action'
activerecord (5.0.1) lib/active_record/railties/controller_runtime.rb:18:in `process_action'
actionpack (5.0.1) lib/abstract_controller/base.rb:126:in `process'
actionview (5.0.1) lib/action_view/rendering.rb:30:in `process'
actionpack (5.0.1) lib/action_controller/metal.rb:190:in `dispatch'
actionpack (5.0.1) lib/action_controller/metal.rb:262:in `dispatch'
actionpack (5.0.1) lib/action_dispatch/routing/route_set.rb:50:in `dispatch'
actionpack (5.0.1) lib/action_dispatch/routing/route_set.rb:32:in `serve'
actionpack (5.0.1) lib/action_dispatch/journey/router.rb:39:in `block in serve'
actionpack (5.0.1) lib/action_dispatch/journey/router.rb:26:in `each'
actionpack (5.0.1) lib/action_dispatch/journey/router.rb:26:in `serve'
actionpack (5.0.1) lib/action_dispatch/routing/route_set.rb:725:in `call'
railties (5.0.1) lib/rails/engine.rb:522:in `call'
railties (5.0.1) lib/rails/railtie.rb:193:in `public_send'
railties (5.0.1) lib/rails/railtie.rb:193:in `method_missing'
actionpack (5.0.1) lib/action_dispatch/routing/mapper.rb:17:in `block in <class:Constraints>'
actionpack (5.0.1) lib/action_dispatch/routing/mapper.rb:46:in `serve'
actionpack (5.0.1) lib/action_dispatch/journey/router.rb:39:in `block in serve'
actionpack (5.0.1) lib/action_dispatch/journey/router.rb:26:in `each'
actionpack (5.0.1) lib/action_dispatch/journey/router.rb:26:in `serve'
actionpack (5.0.1) lib/action_dispatch/routing/route_set.rb:725:in `call'
rack (2.0.1) lib/rack/etag.rb:25:in `call'
rack (2.0.1) lib/rack/conditional_get.rb:25:in `call'
rack (2.0.1) lib/rack/head.rb:12:in `call'
rack (2.0.1) lib/rack/session/abstract/id.rb:222:in `context'
rack (2.0.1) lib/rack/session/abstract/id.rb:216:in `call'
actionpack (5.0.1) lib/action_dispatch/middleware/cookies.rb:613:in `call'
activerecord (5.0.1) lib/active_record/migration.rb:553:in `call'
actionpack (5.0.1) lib/action_dispatch/middleware/callbacks.rb:38:in `block in call'
activesupport (5.0.1) lib/active_support/callbacks.rb:97:in `__run_callbacks__'
activesupport (5.0.1) lib/active_support/callbacks.rb:750:in `_run_call_callbacks'
activesupport (5.0.1) lib/active_support/callbacks.rb:90:in `run_callbacks'
actionpack (5.0.1) lib/action_dispatch/middleware/callbacks.rb:36:in `call'
actionpack (5.0.1) lib/action_dispatch/middleware/executor.rb:12:in `call'
actionpack (5.0.1) lib/action_dispatch/middleware/remote_ip.rb:79:in `call'
actionpack (5.0.1) lib/action_dispatch/middleware/debug_exceptions.rb:49:in `call'
actionpack (5.0.1) lib/action_dispatch/middleware/show_exceptions.rb:31:in `call'
railties (5.0.1) lib/rails/rack/logger.rb:36:in `call_app'
railties (5.0.1) lib/rails/rack/logger.rb:24:in `block in call'
activesupport (5.0.1) lib/active_support/tagged_logging.rb:69:in `block in tagged'
activesupport (5.0.1) lib/active_support/tagged_logging.rb:26:in `tagged'
activesupport (5.0.1) lib/active_support/tagged_logging.rb:69:in `tagged'
railties (5.0.1) lib/rails/rack/logger.rb:24:in `call'
actionpack (5.0.1) lib/action_dispatch/middleware/request_id.rb:24:in `call'
rack (2.0.1) lib/rack/method_override.rb:22:in `call'
rack (2.0.1) lib/rack/runtime.rb:22:in `call'
activesupport (5.0.1) lib/active_support/cache/strategy/local_cache_middleware.rb:28:in `call'
actionpack (5.0.1) lib/action_dispatch/middleware/executor.rb:12:in `call'
actionpack (5.0.1) lib/action_dispatch/middleware/static.rb:136:in `call'
rack (2.0.1) lib/rack/sendfile.rb:111:in `call'
railties (5.0.1) lib/rails/engine.rb:522:in `call'
rack (2.0.1) lib/rack/handler/webrick.rb:86:in `service'
/Users/mwlang/.rvm/rubies/ruby-2.3.1/lib/ruby/2.3.0/webrick/httpserver.rb:140:in `service'
/Users/mwlang/.rvm/rubies/ruby-2.3.1/lib/ruby/2.3.0/webrick/httpserver.rb:96:in `run'
/Users/mwlang/.rvm/rubies/ruby-2.3.1/lib/ruby/2.3.0/webrick/server.rb:296:in `block in start_thread'
  Rendering /Users/mwlang/.rvm/gems/ruby-2.3.1/gems/actionpack-5.0.1/lib/action_dispatch/middleware/templates/rescues/template_error.html.erb within rescues/layout
  Rendering /Users/mwlang/.rvm/gems/ruby-2.3.1/gems/actionpack-5.0.1/lib/action_dispatch/middleware/templates/rescues/_source.html.erb
  Rendered /Users/mwlang/.rvm/gems/ruby-2.3.1/gems/actionpack-5.0.1/lib/action_dispatch/middleware/templates/rescues/_source.html.erb (3.2ms)
  Rendering /Users/mwlang/.rvm/gems/ruby-2.3.1/gems/actionpack-5.0.1/lib/action_dispatch/middleware/templates/rescues/_trace.html.erb
  Rendered /Users/mwlang/.rvm/gems/ruby-2.3.1/gems/actionpack-5.0.1/lib/action_dispatch/middleware/templates/rescues/_trace.html.erb (1.5ms)
  Rendering /Users/mwlang/.rvm/gems/ruby-2.3.1/gems/actionpack-5.0.1/lib/action_dispatch/middleware/templates/rescues/_request_and_response.html.erb
  Rendered /Users/mwlang/.rvm/gems/ruby-2.3.1/gems/actionpack-5.0.1/lib/action_dispatch/middleware/templates/rescues/_request_and_response.html.erb (0.5ms)
  Rendered /Users/mwlang/.rvm/gems/ruby-2.3.1/gems/actionpack-5.0.1/lib/action_dispatch/middleware/templates/rescues/template_error.html.erb within rescues/layout (33.3ms)
Started GET "/editor" for ::1 at 2017-01-22 11:31:33 -0600
Processing by MediumEditorEngine::EditorController#index as HTML
  Rendering /Users/mwlang/projects/gems/medium_editor_engine/app/views/medium_editor_engine/editor/index.html.erb within layouts/medium_editor_engine/application
  Rendered /Users/mwlang/projects/gems/medium_editor_engine/app/views/medium_editor_engine/editor/index.html.erb within layouts/medium_editor_engine/application (16.2ms)
Completed 500 Internal Server Error in 22ms (ActiveRecord: 0.0ms)


  
ActionView::Template::Error (undefined local variable or method `new_editor_path' for #<#<Class:0x007f908eb0a9e8>:0x007f9090049e30>):
    4: 
    5: <br>
    6: 
    7: <%= link_to 'New Editor', new_editor_path %>
  
/Users/mwlang/projects/gems/medium_editor_engine/app/views/medium_editor_engine/editor/index.html.erb:7:in `___sers_mwlang_projects_gems_medium_editor_engine_app_views_medium_editor_engine_editor_index_html_erb__1709774316394373683_70129434121900'
actionview (5.0.1) lib/action_view/template.rb:159:in `block in render'
activesupport (5.0.1) lib/active_support/notifications.rb:166:in `instrument'
actionview (5.0.1) lib/action_view/template.rb:354:in `instrument'
actionview (5.0.1) lib/action_view/template.rb:157:in `render'
actionview (5.0.1) lib/action_view/renderer/template_renderer.rb:54:in `block (2 levels) in render_template'
actionview (5.0.1) lib/action_view/renderer/abstract_renderer.rb:42:in `block in instrument'
activesupport (5.0.1) lib/active_support/notifications.rb:164:in `block in instrument'
activesupport (5.0.1) lib/active_support/notifications/instrumenter.rb:21:in `instrument'
activesupport (5.0.1) lib/active_support/notifications.rb:164:in `instrument'
actionview (5.0.1) lib/action_view/renderer/abstract_renderer.rb:41:in `instrument'
actionview (5.0.1) lib/action_view/renderer/template_renderer.rb:53:in `block in render_template'
actionview (5.0.1) lib/action_view/renderer/template_renderer.rb:61:in `render_with_layout'
actionview (5.0.1) lib/action_view/renderer/template_renderer.rb:52:in `render_template'
actionview (5.0.1) lib/action_view/renderer/template_renderer.rb:14:in `render'
actionview (5.0.1) lib/action_view/renderer/renderer.rb:42:in `render_template'
actionview (5.0.1) lib/action_view/renderer/renderer.rb:23:in `render'
actionview (5.0.1) lib/action_view/rendering.rb:103:in `_render_template'
actionpack (5.0.1) lib/action_controller/metal/streaming.rb:217:in `_render_template'
actionview (5.0.1) lib/action_view/rendering.rb:83:in `render_to_body'
actionpack (5.0.1) lib/action_controller/metal/rendering.rb:52:in `render_to_body'
actionpack (5.0.1) lib/action_controller/metal/renderers.rb:142:in `render_to_body'
actionpack (5.0.1) lib/abstract_controller/rendering.rb:26:in `render'
actionpack (5.0.1) lib/action_controller/metal/rendering.rb:36:in `render'
actionpack (5.0.1) lib/action_controller/metal/instrumentation.rb:44:in `block (2 levels) in render'
activesupport (5.0.1) lib/active_support/core_ext/benchmark.rb:12:in `block in ms'
/Users/mwlang/.rvm/rubies/ruby-2.3.1/lib/ruby/2.3.0/benchmark.rb:308:in `realtime'
activesupport (5.0.1) lib/active_support/core_ext/benchmark.rb:12:in `ms'
actionpack (5.0.1) lib/action_controller/metal/instrumentation.rb:44:in `block in render'
actionpack (5.0.1) lib/action_controller/metal/instrumentation.rb:87:in `cleanup_view_runtime'
activerecord (5.0.1) lib/active_record/railties/controller_runtime.rb:25:in `cleanup_view_runtime'
actionpack (5.0.1) lib/action_controller/metal/instrumentation.rb:43:in `render'
actionpack (5.0.1) lib/action_controller/metal/implicit_render.rb:36:in `default_render'
actionpack (5.0.1) lib/action_controller/metal/basic_implicit_render.rb:4:in `block in send_action'
actionpack (5.0.1) lib/action_controller/metal/basic_implicit_render.rb:4:in `tap'
actionpack (5.0.1) lib/action_controller/metal/basic_implicit_render.rb:4:in `send_action'
actionpack (5.0.1) lib/abstract_controller/base.rb:188:in `process_action'
actionpack (5.0.1) lib/action_controller/metal/rendering.rb:30:in `process_action'
actionpack (5.0.1) lib/abstract_controller/callbacks.rb:20:in `block in process_action'
activesupport (5.0.1) lib/active_support/callbacks.rb:126:in `call'
activesupport (5.0.1) lib/active_support/callbacks.rb:506:in `block (2 levels) in compile'
activesupport (5.0.1) lib/active_support/callbacks.rb:455:in `call'
activesupport (5.0.1) lib/active_support/callbacks.rb:101:in `__run_callbacks__'
activesupport (5.0.1) lib/active_support/callbacks.rb:750:in `_run_process_action_callbacks'
activesupport (5.0.1) lib/active_support/callbacks.rb:90:in `run_callbacks'
actionpack (5.0.1) lib/abstract_controller/callbacks.rb:19:in `process_action'
actionpack (5.0.1) lib/action_controller/metal/rescue.rb:20:in `process_action'
actionpack (5.0.1) lib/action_controller/metal/instrumentation.rb:32:in `block in process_action'
activesupport (5.0.1) lib/active_support/notifications.rb:164:in `block in instrument'
activesupport (5.0.1) lib/active_support/notifications/instrumenter.rb:21:in `instrument'
activesupport (5.0.1) lib/active_support/notifications.rb:164:in `instrument'
actionpack (5.0.1) lib/action_controller/metal/instrumentation.rb:30:in `process_action'
actionpack (5.0.1) lib/action_controller/metal/params_wrapper.rb:248:in `process_action'
activerecord (5.0.1) lib/active_record/railties/controller_runtime.rb:18:in `process_action'
actionpack (5.0.1) lib/abstract_controller/base.rb:126:in `process'
actionview (5.0.1) lib/action_view/rendering.rb:30:in `process'
actionpack (5.0.1) lib/action_controller/metal.rb:190:in `dispatch'
actionpack (5.0.1) lib/action_controller/metal.rb:262:in `dispatch'
actionpack (5.0.1) lib/action_dispatch/routing/route_set.rb:50:in `dispatch'
actionpack (5.0.1) lib/action_dispatch/routing/route_set.rb:32:in `serve'
actionpack (5.0.1) lib/action_dispatch/journey/router.rb:39:in `block in serve'
actionpack (5.0.1) lib/action_dispatch/journey/router.rb:26:in `each'
actionpack (5.0.1) lib/action_dispatch/journey/router.rb:26:in `serve'
actionpack (5.0.1) lib/action_dispatch/routing/route_set.rb:725:in `call'
railties (5.0.1) lib/rails/engine.rb:522:in `call'
railties (5.0.1) lib/rails/railtie.rb:193:in `public_send'
railties (5.0.1) lib/rails/railtie.rb:193:in `method_missing'
actionpack (5.0.1) lib/action_dispatch/routing/mapper.rb:17:in `block in <class:Constraints>'
actionpack (5.0.1) lib/action_dispatch/routing/mapper.rb:46:in `serve'
actionpack (5.0.1) lib/action_dispatch/journey/router.rb:39:in `block in serve'
actionpack (5.0.1) lib/action_dispatch/journey/router.rb:26:in `each'
actionpack (5.0.1) lib/action_dispatch/journey/router.rb:26:in `serve'
actionpack (5.0.1) lib/action_dispatch/routing/route_set.rb:725:in `call'
rack (2.0.1) lib/rack/etag.rb:25:in `call'
rack (2.0.1) lib/rack/conditional_get.rb:25:in `call'
rack (2.0.1) lib/rack/head.rb:12:in `call'
rack (2.0.1) lib/rack/session/abstract/id.rb:222:in `context'
rack (2.0.1) lib/rack/session/abstract/id.rb:216:in `call'
actionpack (5.0.1) lib/action_dispatch/middleware/cookies.rb:613:in `call'
activerecord (5.0.1) lib/active_record/migration.rb:553:in `call'
actionpack (5.0.1) lib/action_dispatch/middleware/callbacks.rb:38:in `block in call'
activesupport (5.0.1) lib/active_support/callbacks.rb:97:in `__run_callbacks__'
activesupport (5.0.1) lib/active_support/callbacks.rb:750:in `_run_call_callbacks'
activesupport (5.0.1) lib/active_support/callbacks.rb:90:in `run_callbacks'
actionpack (5.0.1) lib/action_dispatch/middleware/callbacks.rb:36:in `call'
actionpack (5.0.1) lib/action_dispatch/middleware/executor.rb:12:in `call'
actionpack (5.0.1) lib/action_dispatch/middleware/remote_ip.rb:79:in `call'
actionpack (5.0.1) lib/action_dispatch/middleware/debug_exceptions.rb:49:in `call'
actionpack (5.0.1) lib/action_dispatch/middleware/show_exceptions.rb:31:in `call'
railties (5.0.1) lib/rails/rack/logger.rb:36:in `call_app'
railties (5.0.1) lib/rails/rack/logger.rb:24:in `block in call'
activesupport (5.0.1) lib/active_support/tagged_logging.rb:69:in `block in tagged'
activesupport (5.0.1) lib/active_support/tagged_logging.rb:26:in `tagged'
activesupport (5.0.1) lib/active_support/tagged_logging.rb:69:in `tagged'
railties (5.0.1) lib/rails/rack/logger.rb:24:in `call'
actionpack (5.0.1) lib/action_dispatch/middleware/request_id.rb:24:in `call'
rack (2.0.1) lib/rack/method_override.rb:22:in `call'
rack (2.0.1) lib/rack/runtime.rb:22:in `call'
activesupport (5.0.1) lib/active_support/cache/strategy/local_cache_middleware.rb:28:in `call'
actionpack (5.0.1) lib/action_dispatch/middleware/executor.rb:12:in `call'
actionpack (5.0.1) lib/action_dispatch/middleware/static.rb:136:in `call'
rack (2.0.1) lib/rack/sendfile.rb:111:in `call'
railties (5.0.1) lib/rails/engine.rb:522:in `call'
rack (2.0.1) lib/rack/handler/webrick.rb:86:in `service'
/Users/mwlang/.rvm/rubies/ruby-2.3.1/lib/ruby/2.3.0/webrick/httpserver.rb:140:in `service'
/Users/mwlang/.rvm/rubies/ruby-2.3.1/lib/ruby/2.3.0/webrick/httpserver.rb:96:in `run'
/Users/mwlang/.rvm/rubies/ruby-2.3.1/lib/ruby/2.3.0/webrick/server.rb:296:in `block in start_thread'
  Rendering /Users/mwlang/.rvm/gems/ruby-2.3.1/gems/actionpack-5.0.1/lib/action_dispatch/middleware/templates/rescues/template_error.html.erb within rescues/layout
  Rendering /Users/mwlang/.rvm/gems/ruby-2.3.1/gems/actionpack-5.0.1/lib/action_dispatch/middleware/templates/rescues/_source.html.erb
  Rendered /Users/mwlang/.rvm/gems/ruby-2.3.1/gems/actionpack-5.0.1/lib/action_dispatch/middleware/templates/rescues/_source.html.erb (3.0ms)
  Rendering /Users/mwlang/.rvm/gems/ruby-2.3.1/gems/actionpack-5.0.1/lib/action_dispatch/middleware/templates/rescues/_trace.html.erb
  Rendered /Users/mwlang/.rvm/gems/ruby-2.3.1/gems/actionpack-5.0.1/lib/action_dispatch/middleware/templates/rescues/_trace.html.erb (1.2ms)
  Rendering /Users/mwlang/.rvm/gems/ruby-2.3.1/gems/actionpack-5.0.1/lib/action_dispatch/middleware/templates/rescues/_request_and_response.html.erb
  Rendered /Users/mwlang/.rvm/gems/ruby-2.3.1/gems/actionpack-5.0.1/lib/action_dispatch/middleware/templates/rescues/_request_and_response.html.erb (0.5ms)
  Rendered /Users/mwlang/.rvm/gems/ruby-2.3.1/gems/actionpack-5.0.1/lib/action_dispatch/middleware/templates/rescues/template_error.html.erb within rescues/layout (32.6ms)
Started GET "/editor" for ::1 at 2017-01-22 11:31:36 -0600
Processing by MediumEditorEngine::EditorController#index as HTML
  Rendering /Users/mwlang/projects/gems/medium_editor_engine/app/views/medium_editor_engine/editor/index.html.erb within layouts/medium_editor_engine/application
  Rendered /Users/mwlang/projects/gems/medium_editor_engine/app/views/medium_editor_engine/editor/index.html.erb within layouts/medium_editor_engine/application (15.7ms)
Completed 500 Internal Server Error in 21ms (ActiveRecord: 0.0ms)


  
ActionView::Template::Error (undefined local variable or method `new_editor_path' for #<#<Class:0x007f908eb0a9e8>:0x007f90900c8d70>):
    4: 
    5: <br>
    6: 
    7: <%= link_to 'New Editor', new_editor_path %>
  
/Users/mwlang/projects/gems/medium_editor_engine/app/views/medium_editor_engine/editor/index.html.erb:7:in `___sers_mwlang_projects_gems_medium_editor_engine_app_views_medium_editor_engine_editor_index_html_erb__1709774316394373683_70129434381280'
actionview (5.0.1) lib/action_view/template.rb:159:in `block in render'
activesupport (5.0.1) lib/active_support/notifications.rb:166:in `instrument'
actionview (5.0.1) lib/action_view/template.rb:354:in `instrument'
actionview (5.0.1) lib/action_view/template.rb:157:in `render'
actionview (5.0.1) lib/action_view/renderer/template_renderer.rb:54:in `block (2 levels) in render_template'
actionview (5.0.1) lib/action_view/renderer/abstract_renderer.rb:42:in `block in instrument'
activesupport (5.0.1) lib/active_support/notifications.rb:164:in `block in instrument'
activesupport (5.0.1) lib/active_support/notifications/instrumenter.rb:21:in `instrument'
activesupport (5.0.1) lib/active_support/notifications.rb:164:in `instrument'
actionview (5.0.1) lib/action_view/renderer/abstract_renderer.rb:41:in `instrument'
actionview (5.0.1) lib/action_view/renderer/template_renderer.rb:53:in `block in render_template'
actionview (5.0.1) lib/action_view/renderer/template_renderer.rb:61:in `render_with_layout'
actionview (5.0.1) lib/action_view/renderer/template_renderer.rb:52:in `render_template'
actionview (5.0.1) lib/action_view/renderer/template_renderer.rb:14:in `render'
actionview (5.0.1) lib/action_view/renderer/renderer.rb:42:in `render_template'
actionview (5.0.1) lib/action_view/renderer/renderer.rb:23:in `render'
actionview (5.0.1) lib/action_view/rendering.rb:103:in `_render_template'
actionpack (5.0.1) lib/action_controller/metal/streaming.rb:217:in `_render_template'
actionview (5.0.1) lib/action_view/rendering.rb:83:in `render_to_body'
actionpack (5.0.1) lib/action_controller/metal/rendering.rb:52:in `render_to_body'
actionpack (5.0.1) lib/action_controller/metal/renderers.rb:142:in `render_to_body'
actionpack (5.0.1) lib/abstract_controller/rendering.rb:26:in `render'
actionpack (5.0.1) lib/action_controller/metal/rendering.rb:36:in `render'
actionpack (5.0.1) lib/action_controller/metal/instrumentation.rb:44:in `block (2 levels) in render'
activesupport (5.0.1) lib/active_support/core_ext/benchmark.rb:12:in `block in ms'
/Users/mwlang/.rvm/rubies/ruby-2.3.1/lib/ruby/2.3.0/benchmark.rb:308:in `realtime'
activesupport (5.0.1) lib/active_support/core_ext/benchmark.rb:12:in `ms'
actionpack (5.0.1) lib/action_controller/metal/instrumentation.rb:44:in `block in render'
actionpack (5.0.1) lib/action_controller/metal/instrumentation.rb:87:in `cleanup_view_runtime'
activerecord (5.0.1) lib/active_record/railties/controller_runtime.rb:25:in `cleanup_view_runtime'
actionpack (5.0.1) lib/action_controller/metal/instrumentation.rb:43:in `render'
actionpack (5.0.1) lib/action_controller/metal/implicit_render.rb:36:in `default_render'
actionpack (5.0.1) lib/action_controller/metal/basic_implicit_render.rb:4:in `block in send_action'
actionpack (5.0.1) lib/action_controller/metal/basic_implicit_render.rb:4:in `tap'
actionpack (5.0.1) lib/action_controller/metal/basic_implicit_render.rb:4:in `send_action'
actionpack (5.0.1) lib/abstract_controller/base.rb:188:in `process_action'
actionpack (5.0.1) lib/action_controller/metal/rendering.rb:30:in `process_action'
actionpack (5.0.1) lib/abstract_controller/callbacks.rb:20:in `block in process_action'
activesupport (5.0.1) lib/active_support/callbacks.rb:126:in `call'
activesupport (5.0.1) lib/active_support/callbacks.rb:506:in `block (2 levels) in compile'
activesupport (5.0.1) lib/active_support/callbacks.rb:455:in `call'
activesupport (5.0.1) lib/active_support/callbacks.rb:101:in `__run_callbacks__'
activesupport (5.0.1) lib/active_support/callbacks.rb:750:in `_run_process_action_callbacks'
activesupport (5.0.1) lib/active_support/callbacks.rb:90:in `run_callbacks'
actionpack (5.0.1) lib/abstract_controller/callbacks.rb:19:in `process_action'
actionpack (5.0.1) lib/action_controller/metal/rescue.rb:20:in `process_action'
actionpack (5.0.1) lib/action_controller/metal/instrumentation.rb:32:in `block in process_action'
activesupport (5.0.1) lib/active_support/notifications.rb:164:in `block in instrument'
activesupport (5.0.1) lib/active_support/notifications/instrumenter.rb:21:in `instrument'
activesupport (5.0.1) lib/active_support/notifications.rb:164:in `instrument'
actionpack (5.0.1) lib/action_controller/metal/instrumentation.rb:30:in `process_action'
actionpack (5.0.1) lib/action_controller/metal/params_wrapper.rb:248:in `process_action'
activerecord (5.0.1) lib/active_record/railties/controller_runtime.rb:18:in `process_action'
actionpack (5.0.1) lib/abstract_controller/base.rb:126:in `process'
actionview (5.0.1) lib/action_view/rendering.rb:30:in `process'
actionpack (5.0.1) lib/action_controller/metal.rb:190:in `dispatch'
actionpack (5.0.1) lib/action_controller/metal.rb:262:in `dispatch'
actionpack (5.0.1) lib/action_dispatch/routing/route_set.rb:50:in `dispatch'
actionpack (5.0.1) lib/action_dispatch/routing/route_set.rb:32:in `serve'
actionpack (5.0.1) lib/action_dispatch/journey/router.rb:39:in `block in serve'
actionpack (5.0.1) lib/action_dispatch/journey/router.rb:26:in `each'
actionpack (5.0.1) lib/action_dispatch/journey/router.rb:26:in `serve'
actionpack (5.0.1) lib/action_dispatch/routing/route_set.rb:725:in `call'
railties (5.0.1) lib/rails/engine.rb:522:in `call'
railties (5.0.1) lib/rails/railtie.rb:193:in `public_send'
railties (5.0.1) lib/rails/railtie.rb:193:in `method_missing'
actionpack (5.0.1) lib/action_dispatch/routing/mapper.rb:17:in `block in <class:Constraints>'
actionpack (5.0.1) lib/action_dispatch/routing/mapper.rb:46:in `serve'
actionpack (5.0.1) lib/action_dispatch/journey/router.rb:39:in `block in serve'
actionpack (5.0.1) lib/action_dispatch/journey/router.rb:26:in `each'
actionpack (5.0.1) lib/action_dispatch/journey/router.rb:26:in `serve'
actionpack (5.0.1) lib/action_dispatch/routing/route_set.rb:725:in `call'
rack (2.0.1) lib/rack/etag.rb:25:in `call'
rack (2.0.1) lib/rack/conditional_get.rb:25:in `call'
rack (2.0.1) lib/rack/head.rb:12:in `call'
rack (2.0.1) lib/rack/session/abstract/id.rb:222:in `context'
rack (2.0.1) lib/rack/session/abstract/id.rb:216:in `call'
actionpack (5.0.1) lib/action_dispatch/middleware/cookies.rb:613:in `call'
activerecord (5.0.1) lib/active_record/migration.rb:553:in `call'
actionpack (5.0.1) lib/action_dispatch/middleware/callbacks.rb:38:in `block in call'
activesupport (5.0.1) lib/active_support/callbacks.rb:97:in `__run_callbacks__'
activesupport (5.0.1) lib/active_support/callbacks.rb:750:in `_run_call_callbacks'
activesupport (5.0.1) lib/active_support/callbacks.rb:90:in `run_callbacks'
actionpack (5.0.1) lib/action_dispatch/middleware/callbacks.rb:36:in `call'
actionpack (5.0.1) lib/action_dispatch/middleware/executor.rb:12:in `call'
actionpack (5.0.1) lib/action_dispatch/middleware/remote_ip.rb:79:in `call'
actionpack (5.0.1) lib/action_dispatch/middleware/debug_exceptions.rb:49:in `call'
actionpack (5.0.1) lib/action_dispatch/middleware/show_exceptions.rb:31:in `call'
railties (5.0.1) lib/rails/rack/logger.rb:36:in `call_app'
railties (5.0.1) lib/rails/rack/logger.rb:24:in `block in call'
activesupport (5.0.1) lib/active_support/tagged_logging.rb:69:in `block in tagged'
activesupport (5.0.1) lib/active_support/tagged_logging.rb:26:in `tagged'
activesupport (5.0.1) lib/active_support/tagged_logging.rb:69:in `tagged'
railties (5.0.1) lib/rails/rack/logger.rb:24:in `call'
actionpack (5.0.1) lib/action_dispatch/middleware/request_id.rb:24:in `call'
rack (2.0.1) lib/rack/method_override.rb:22:in `call'
rack (2.0.1) lib/rack/runtime.rb:22:in `call'
activesupport (5.0.1) lib/active_support/cache/strategy/local_cache_middleware.rb:28:in `call'
actionpack (5.0.1) lib/action_dispatch/middleware/executor.rb:12:in `call'
actionpack (5.0.1) lib/action_dispatch/middleware/static.rb:136:in `call'
rack (2.0.1) lib/rack/sendfile.rb:111:in `call'
railties (5.0.1) lib/rails/engine.rb:522:in `call'
rack (2.0.1) lib/rack/handler/webrick.rb:86:in `service'
/Users/mwlang/.rvm/rubies/ruby-2.3.1/lib/ruby/2.3.0/webrick/httpserver.rb:140:in `service'
/Users/mwlang/.rvm/rubies/ruby-2.3.1/lib/ruby/2.3.0/webrick/httpserver.rb:96:in `run'
/Users/mwlang/.rvm/rubies/ruby-2.3.1/lib/ruby/2.3.0/webrick/server.rb:296:in `block in start_thread'
  Rendering /Users/mwlang/.rvm/gems/ruby-2.3.1/gems/actionpack-5.0.1/lib/action_dispatch/middleware/templates/rescues/template_error.html.erb within rescues/layout
  Rendering /Users/mwlang/.rvm/gems/ruby-2.3.1/gems/actionpack-5.0.1/lib/action_dispatch/middleware/templates/rescues/_source.html.erb
  Rendered /Users/mwlang/.rvm/gems/ruby-2.3.1/gems/actionpack-5.0.1/lib/action_dispatch/middleware/templates/rescues/_source.html.erb (2.8ms)
  Rendering /Users/mwlang/.rvm/gems/ruby-2.3.1/gems/actionpack-5.0.1/lib/action_dispatch/middleware/templates/rescues/_trace.html.erb
  Rendered /Users/mwlang/.rvm/gems/ruby-2.3.1/gems/actionpack-5.0.1/lib/action_dispatch/middleware/templates/rescues/_trace.html.erb (1.3ms)
  Rendering /Users/mwlang/.rvm/gems/ruby-2.3.1/gems/actionpack-5.0.1/lib/action_dispatch/middleware/templates/rescues/_request_and_response.html.erb
  Rendered /Users/mwlang/.rvm/gems/ruby-2.3.1/gems/actionpack-5.0.1/lib/action_dispatch/middleware/templates/rescues/_request_and_response.html.erb (0.6ms)
  Rendered /Users/mwlang/.rvm/gems/ruby-2.3.1/gems/actionpack-5.0.1/lib/action_dispatch/middleware/templates/rescues/template_error.html.erb within rescues/layout (32.4ms)
Started GET "/editor" for ::1 at 2017-01-22 11:31:50 -0600
Processing by MediumEditorEngine::EditorController#index as HTML
  Rendering /Users/mwlang/projects/gems/medium_editor_engine/app/views/medium_editor_engine/editor/index.html.erb within layouts/medium_editor_engine/application
  Rendered /Users/mwlang/projects/gems/medium_editor_engine/app/views/medium_editor_engine/editor/index.html.erb within layouts/medium_editor_engine/application (24.8ms)
Completed 500 Internal Server Error in 32ms (ActiveRecord: 0.0ms)


  
ActionView::Template::Error (undefined local variable or method `new_editor_path' for #<#<Class:0x007fac068d3808>:0x007fac068c2170>):
    4: 
    5: <br>
    6: 
    7: <%= link_to 'New Editor', new_editor_path %>
  
/Users/mwlang/projects/gems/medium_editor_engine/app/views/medium_editor_engine/editor/index.html.erb:7:in `___sers_mwlang_projects_gems_medium_editor_engine_app_views_medium_editor_engine_editor_index_html_erb__1340086655347528917_70188410537580'
actionview (5.0.1) lib/action_view/template.rb:159:in `block in render'
activesupport (5.0.1) lib/active_support/notifications.rb:166:in `instrument'
actionview (5.0.1) lib/action_view/template.rb:354:in `instrument'
actionview (5.0.1) lib/action_view/template.rb:157:in `render'
actionview (5.0.1) lib/action_view/renderer/template_renderer.rb:54:in `block (2 levels) in render_template'
actionview (5.0.1) lib/action_view/renderer/abstract_renderer.rb:42:in `block in instrument'
activesupport (5.0.1) lib/active_support/notifications.rb:164:in `block in instrument'
activesupport (5.0.1) lib/active_support/notifications/instrumenter.rb:21:in `instrument'
activesupport (5.0.1) lib/active_support/notifications.rb:164:in `instrument'
actionview (5.0.1) lib/action_view/renderer/abstract_renderer.rb:41:in `instrument'
actionview (5.0.1) lib/action_view/renderer/template_renderer.rb:53:in `block in render_template'
actionview (5.0.1) lib/action_view/renderer/template_renderer.rb:61:in `render_with_layout'
actionview (5.0.1) lib/action_view/renderer/template_renderer.rb:52:in `render_template'
actionview (5.0.1) lib/action_view/renderer/template_renderer.rb:14:in `render'
actionview (5.0.1) lib/action_view/renderer/renderer.rb:42:in `render_template'
actionview (5.0.1) lib/action_view/renderer/renderer.rb:23:in `render'
actionview (5.0.1) lib/action_view/rendering.rb:103:in `_render_template'
actionpack (5.0.1) lib/action_controller/metal/streaming.rb:217:in `_render_template'
actionview (5.0.1) lib/action_view/rendering.rb:83:in `render_to_body'
actionpack (5.0.1) lib/action_controller/metal/rendering.rb:52:in `render_to_body'
actionpack (5.0.1) lib/action_controller/metal/renderers.rb:142:in `render_to_body'
actionpack (5.0.1) lib/abstract_controller/rendering.rb:26:in `render'
actionpack (5.0.1) lib/action_controller/metal/rendering.rb:36:in `render'
actionpack (5.0.1) lib/action_controller/metal/instrumentation.rb:44:in `block (2 levels) in render'
activesupport (5.0.1) lib/active_support/core_ext/benchmark.rb:12:in `block in ms'
/Users/mwlang/.rvm/rubies/ruby-2.3.1/lib/ruby/2.3.0/benchmark.rb:308:in `realtime'
activesupport (5.0.1) lib/active_support/core_ext/benchmark.rb:12:in `ms'
actionpack (5.0.1) lib/action_controller/metal/instrumentation.rb:44:in `block in render'
actionpack (5.0.1) lib/action_controller/metal/instrumentation.rb:87:in `cleanup_view_runtime'
activerecord (5.0.1) lib/active_record/railties/controller_runtime.rb:25:in `cleanup_view_runtime'
actionpack (5.0.1) lib/action_controller/metal/instrumentation.rb:43:in `render'
actionpack (5.0.1) lib/action_controller/metal/implicit_render.rb:36:in `default_render'
actionpack (5.0.1) lib/action_controller/metal/basic_implicit_render.rb:4:in `block in send_action'
actionpack (5.0.1) lib/action_controller/metal/basic_implicit_render.rb:4:in `tap'
actionpack (5.0.1) lib/action_controller/metal/basic_implicit_render.rb:4:in `send_action'
actionpack (5.0.1) lib/abstract_controller/base.rb:188:in `process_action'
actionpack (5.0.1) lib/action_controller/metal/rendering.rb:30:in `process_action'
actionpack (5.0.1) lib/abstract_controller/callbacks.rb:20:in `block in process_action'
activesupport (5.0.1) lib/active_support/callbacks.rb:126:in `call'
activesupport (5.0.1) lib/active_support/callbacks.rb:506:in `block (2 levels) in compile'
activesupport (5.0.1) lib/active_support/callbacks.rb:455:in `call'
activesupport (5.0.1) lib/active_support/callbacks.rb:101:in `__run_callbacks__'
activesupport (5.0.1) lib/active_support/callbacks.rb:750:in `_run_process_action_callbacks'
activesupport (5.0.1) lib/active_support/callbacks.rb:90:in `run_callbacks'
actionpack (5.0.1) lib/abstract_controller/callbacks.rb:19:in `process_action'
actionpack (5.0.1) lib/action_controller/metal/rescue.rb:20:in `process_action'
actionpack (5.0.1) lib/action_controller/metal/instrumentation.rb:32:in `block in process_action'
activesupport (5.0.1) lib/active_support/notifications.rb:164:in `block in instrument'
activesupport (5.0.1) lib/active_support/notifications/instrumenter.rb:21:in `instrument'
activesupport (5.0.1) lib/active_support/notifications.rb:164:in `instrument'
actionpack (5.0.1) lib/action_controller/metal/instrumentation.rb:30:in `process_action'
actionpack (5.0.1) lib/action_controller/metal/params_wrapper.rb:248:in `process_action'
activerecord (5.0.1) lib/active_record/railties/controller_runtime.rb:18:in `process_action'
actionpack (5.0.1) lib/abstract_controller/base.rb:126:in `process'
actionview (5.0.1) lib/action_view/rendering.rb:30:in `process'
actionpack (5.0.1) lib/action_controller/metal.rb:190:in `dispatch'
actionpack (5.0.1) lib/action_controller/metal.rb:262:in `dispatch'
actionpack (5.0.1) lib/action_dispatch/routing/route_set.rb:50:in `dispatch'
actionpack (5.0.1) lib/action_dispatch/routing/route_set.rb:32:in `serve'
actionpack (5.0.1) lib/action_dispatch/journey/router.rb:39:in `block in serve'
actionpack (5.0.1) lib/action_dispatch/journey/router.rb:26:in `each'
actionpack (5.0.1) lib/action_dispatch/journey/router.rb:26:in `serve'
actionpack (5.0.1) lib/action_dispatch/routing/route_set.rb:725:in `call'
railties (5.0.1) lib/rails/engine.rb:522:in `call'
railties (5.0.1) lib/rails/railtie.rb:193:in `public_send'
railties (5.0.1) lib/rails/railtie.rb:193:in `method_missing'
actionpack (5.0.1) lib/action_dispatch/routing/mapper.rb:17:in `block in <class:Constraints>'
actionpack (5.0.1) lib/action_dispatch/routing/mapper.rb:46:in `serve'
actionpack (5.0.1) lib/action_dispatch/journey/router.rb:39:in `block in serve'
actionpack (5.0.1) lib/action_dispatch/journey/router.rb:26:in `each'
actionpack (5.0.1) lib/action_dispatch/journey/router.rb:26:in `serve'
actionpack (5.0.1) lib/action_dispatch/routing/route_set.rb:725:in `call'
rack (2.0.1) lib/rack/etag.rb:25:in `call'
rack (2.0.1) lib/rack/conditional_get.rb:25:in `call'
rack (2.0.1) lib/rack/head.rb:12:in `call'
rack (2.0.1) lib/rack/session/abstract/id.rb:222:in `context'
rack (2.0.1) lib/rack/session/abstract/id.rb:216:in `call'
actionpack (5.0.1) lib/action_dispatch/middleware/cookies.rb:613:in `call'
activerecord (5.0.1) lib/active_record/migration.rb:553:in `call'
actionpack (5.0.1) lib/action_dispatch/middleware/callbacks.rb:38:in `block in call'
activesupport (5.0.1) lib/active_support/callbacks.rb:97:in `__run_callbacks__'
activesupport (5.0.1) lib/active_support/callbacks.rb:750:in `_run_call_callbacks'
activesupport (5.0.1) lib/active_support/callbacks.rb:90:in `run_callbacks'
actionpack (5.0.1) lib/action_dispatch/middleware/callbacks.rb:36:in `call'
actionpack (5.0.1) lib/action_dispatch/middleware/executor.rb:12:in `call'
actionpack (5.0.1) lib/action_dispatch/middleware/remote_ip.rb:79:in `call'
actionpack (5.0.1) lib/action_dispatch/middleware/debug_exceptions.rb:49:in `call'
actionpack (5.0.1) lib/action_dispatch/middleware/show_exceptions.rb:31:in `call'
railties (5.0.1) lib/rails/rack/logger.rb:36:in `call_app'
railties (5.0.1) lib/rails/rack/logger.rb:24:in `block in call'
activesupport (5.0.1) lib/active_support/tagged_logging.rb:69:in `block in tagged'
activesupport (5.0.1) lib/active_support/tagged_logging.rb:26:in `tagged'
activesupport (5.0.1) lib/active_support/tagged_logging.rb:69:in `tagged'
railties (5.0.1) lib/rails/rack/logger.rb:24:in `call'
actionpack (5.0.1) lib/action_dispatch/middleware/request_id.rb:24:in `call'
rack (2.0.1) lib/rack/method_override.rb:22:in `call'
rack (2.0.1) lib/rack/runtime.rb:22:in `call'
activesupport (5.0.1) lib/active_support/cache/strategy/local_cache_middleware.rb:28:in `call'
actionpack (5.0.1) lib/action_dispatch/middleware/executor.rb:12:in `call'
actionpack (5.0.1) lib/action_dispatch/middleware/static.rb:136:in `call'
rack (2.0.1) lib/rack/sendfile.rb:111:in `call'
railties (5.0.1) lib/rails/engine.rb:522:in `call'
rack (2.0.1) lib/rack/handler/webrick.rb:86:in `service'
/Users/mwlang/.rvm/rubies/ruby-2.3.1/lib/ruby/2.3.0/webrick/httpserver.rb:140:in `service'
/Users/mwlang/.rvm/rubies/ruby-2.3.1/lib/ruby/2.3.0/webrick/httpserver.rb:96:in `run'
/Users/mwlang/.rvm/rubies/ruby-2.3.1/lib/ruby/2.3.0/webrick/server.rb:296:in `block in start_thread'
  Rendering /Users/mwlang/.rvm/gems/ruby-2.3.1/gems/actionpack-5.0.1/lib/action_dispatch/middleware/templates/rescues/template_error.html.erb within rescues/layout
  Rendering /Users/mwlang/.rvm/gems/ruby-2.3.1/gems/actionpack-5.0.1/lib/action_dispatch/middleware/templates/rescues/_source.html.erb
  Rendered /Users/mwlang/.rvm/gems/ruby-2.3.1/gems/actionpack-5.0.1/lib/action_dispatch/middleware/templates/rescues/_source.html.erb (3.6ms)
  Rendering /Users/mwlang/.rvm/gems/ruby-2.3.1/gems/actionpack-5.0.1/lib/action_dispatch/middleware/templates/rescues/_trace.html.erb
  Rendered /Users/mwlang/.rvm/gems/ruby-2.3.1/gems/actionpack-5.0.1/lib/action_dispatch/middleware/templates/rescues/_trace.html.erb (1.6ms)
  Rendering /Users/mwlang/.rvm/gems/ruby-2.3.1/gems/actionpack-5.0.1/lib/action_dispatch/middleware/templates/rescues/_request_and_response.html.erb
  Rendered /Users/mwlang/.rvm/gems/ruby-2.3.1/gems/actionpack-5.0.1/lib/action_dispatch/middleware/templates/rescues/_request_and_response.html.erb (0.7ms)
  Rendered /Users/mwlang/.rvm/gems/ruby-2.3.1/gems/actionpack-5.0.1/lib/action_dispatch/middleware/templates/rescues/template_error.html.erb within rescues/layout (36.8ms)
Started GET "/editor" for ::1 at 2017-01-22 11:32:36 -0600
Processing by MediumEditorEngine::EditorController#index as HTML
  Rendering /Users/mwlang/projects/gems/medium_editor_engine/app/views/medium_editor_engine/editor/index.html.erb within layouts/medium_editor_engine/application
  Rendered /Users/mwlang/projects/gems/medium_editor_engine/app/views/medium_editor_engine/editor/index.html.erb within layouts/medium_editor_engine/application (0.5ms)
Completed 200 OK in 153ms (Views: 151.0ms | ActiveRecord: 0.0ms)


Started GET "/assets/medium_editor_engine/application.self-e80e8f2318043e8af94dddc2adad5a4f09739a8ebb323b3ab31cd71d45fd9113.css?body=1" for ::1 at 2017-01-22 11:32:36 -0600
Started GET "/assets/medium_editor_engine/application.self-8f06a73c35179188914ab50e057157639fce1401c1cdca640ac9cec33746fc5b.js?body=1" for ::1 at 2017-01-22 11:32:36 -0600
Started GET "/editor" for ::1 at 2017-01-22 11:33:09 -0600
Processing by MediumEditorEngine::EditorController#index as HTML
  Rendering /Users/mwlang/projects/gems/medium_editor_engine/app/views/medium_editor_engine/editor/index.html.erb within layouts/medium_editor_engine/application
  Rendered /Users/mwlang/projects/gems/medium_editor_engine/app/views/medium_editor_engine/editor/index.html.erb within layouts/medium_editor_engine/application (0.6ms)
Completed 200 OK in 111ms (Views: 109.1ms | ActiveRecord: 0.0ms)


Started GET "/assets/medium-editor.self-e3b0c44298fc1c149afbf4c8996fb92427ae41e4649b934ca495991b7852b855.js?body=1" for ::1 at 2017-01-22 11:33:09 -0600
Started GET "/assets/medium-editor/medium-editor.self-c299bb43b3aa3e4ac224b2ec0828ab7b192d5a295fd090ba41893fe98b809009.js?body=1" for ::1 at 2017-01-22 11:33:09 -0600
Started GET "/editor" for ::1 at 2017-01-22 11:33:31 -0600
Processing by MediumEditorEngine::EditorController#index as HTML
  Rendering /Users/mwlang/projects/gems/medium_editor_engine/app/views/medium_editor_engine/editor/index.html.erb within layouts/medium_editor_engine/application
  Rendered /Users/mwlang/projects/gems/medium_editor_engine/app/views/medium_editor_engine/editor/index.html.erb within layouts/medium_editor_engine/application (0.6ms)
Completed 500 Internal Server Error in 15ms (ActiveRecord: 0.0ms)


  
LoadError (cannot load such file -- sass):
  
activesupport (5.0.1) lib/active_support/dependencies.rb:293:in `require'
activesupport (5.0.1) lib/active_support/dependencies.rb:293:in `block in require'
activesupport (5.0.1) lib/active_support/dependencies.rb:259:in `load_dependency'
activesupport (5.0.1) lib/active_support/dependencies.rb:293:in `require'
sprockets (3.7.1) lib/sprockets/autoload/sass.rb:1:in `<top (required)>'
activesupport (5.0.1) lib/active_support/dependencies.rb:293:in `require'
activesupport (5.0.1) lib/active_support/dependencies.rb:293:in `block in require'
activesupport (5.0.1) lib/active_support/dependencies.rb:259:in `load_dependency'
activesupport (5.0.1) lib/active_support/dependencies.rb:293:in `require'
sprockets (3.7.1) lib/sprockets/sass_processor.rb:47:in `initialize'
sprockets (3.7.1) lib/sprockets/sass_processor.rb:26:in `new'
sprockets (3.7.1) lib/sprockets/sass_processor.rb:26:in `instance'
sprockets (3.7.1) lib/sprockets/sass_processor.rb:30:in `call'
sprockets (3.7.1) lib/sprockets/processor_utils.rb:75:in `call_processor'
sprockets (3.7.1) lib/sprockets/processor_utils.rb:57:in `block in call_processors'
sprockets (3.7.1) lib/sprockets/processor_utils.rb:56:in `reverse_each'
sprockets (3.7.1) lib/sprockets/processor_utils.rb:56:in `call_processors'
sprockets (3.7.1) lib/sprockets/loader.rb:134:in `load_from_unloaded'
sprockets (3.7.1) lib/sprockets/loader.rb:60:in `block in load'
sprockets (3.7.1) lib/sprockets/loader.rb:317:in `fetch_asset_from_dependency_cache'
sprockets (3.7.1) lib/sprockets/loader.rb:44:in `load'
sprockets (3.7.1) lib/sprockets/cached_environment.rb:20:in `block in initialize'
sprockets (3.7.1) lib/sprockets/cached_environment.rb:47:in `load'
sprockets (3.7.1) lib/sprockets/bundle.rb:23:in `block in call'
sprockets (3.7.1) lib/sprockets/utils.rb:200:in `dfs'
sprockets (3.7.1) lib/sprockets/bundle.rb:24:in `call'
sprockets (3.7.1) lib/sprockets/processor_utils.rb:75:in `call_processor'
sprockets (3.7.1) lib/sprockets/processor_utils.rb:57:in `block in call_processors'
sprockets (3.7.1) lib/sprockets/processor_utils.rb:56:in `reverse_each'
sprockets (3.7.1) lib/sprockets/processor_utils.rb:56:in `call_processors'
sprockets (3.7.1) lib/sprockets/loader.rb:134:in `load_from_unloaded'
sprockets (3.7.1) lib/sprockets/loader.rb:60:in `block in load'
sprockets (3.7.1) lib/sprockets/loader.rb:317:in `fetch_asset_from_dependency_cache'
sprockets (3.7.1) lib/sprockets/loader.rb:44:in `load'
sprockets (3.7.1) lib/sprockets/cached_environment.rb:20:in `block in initialize'
sprockets (3.7.1) lib/sprockets/cached_environment.rb:47:in `load'
sprockets (3.7.1) lib/sprockets/base.rb:66:in `find_asset'
sprockets (3.7.1) lib/sprockets/base.rb:92:in `[]'
sprockets-rails (3.2.0) lib/sprockets/rails/helper.rb:355:in `find_asset'
sprockets-rails (3.2.0) lib/sprockets/rails/helper.rb:347:in `find_debug_asset'
sprockets-rails (3.2.0) lib/sprockets/rails/helper.rb:229:in `block in lookup_debug_asset'
sprockets-rails (3.2.0) lib/sprockets/rails/helper.rb:242:in `block in resolve_asset'
sprockets-rails (3.2.0) lib/sprockets/rails/helper.rb:241:in `each'
sprockets-rails (3.2.0) lib/sprockets/rails/helper.rb:241:in `detect'
sprockets-rails (3.2.0) lib/sprockets/rails/helper.rb:241:in `resolve_asset'
sprockets-rails (3.2.0) lib/sprockets/rails/helper.rb:228:in `lookup_debug_asset'
sprockets-rails (3.2.0) lib/sprockets/rails/helper.rb:170:in `block in stylesheet_link_tag'
sprockets-rails (3.2.0) lib/sprockets/rails/helper.rb:169:in `map'
sprockets-rails (3.2.0) lib/sprockets/rails/helper.rb:169:in `stylesheet_link_tag'
/Users/mwlang/projects/gems/medium_editor_engine/app/views/layouts/medium_editor_engine/application.html.erb:5:in `___sers_mwlang_projects_gems_medium_editor_engine_app_views_layouts_medium_editor_engine_application_html_erb___4005388144771913547_70188419336120'
actionview (5.0.1) lib/action_view/template.rb:159:in `block in render'
activesupport (5.0.1) lib/active_support/notifications.rb:166:in `instrument'
actionview (5.0.1) lib/action_view/template.rb:354:in `instrument'
actionview (5.0.1) lib/action_view/template.rb:157:in `render'
actionview (5.0.1) lib/action_view/renderer/template_renderer.rb:66:in `render_with_layout'
actionview (5.0.1) lib/action_view/renderer/template_renderer.rb:52:in `render_template'
actionview (5.0.1) lib/action_view/renderer/template_renderer.rb:14:in `render'
actionview (5.0.1) lib/action_view/renderer/renderer.rb:42:in `render_template'
actionview (5.0.1) lib/action_view/renderer/renderer.rb:23:in `render'
actionview (5.0.1) lib/action_view/rendering.rb:103:in `_render_template'
actionpack (5.0.1) lib/action_controller/metal/streaming.rb:217:in `_render_template'
actionview (5.0.1) lib/action_view/rendering.rb:83:in `render_to_body'
actionpack (5.0.1) lib/action_controller/metal/rendering.rb:52:in `render_to_body'
actionpack (5.0.1) lib/action_controller/metal/renderers.rb:142:in `render_to_body'
actionpack (5.0.1) lib/abstract_controller/rendering.rb:26:in `render'
actionpack (5.0.1) lib/action_controller/metal/rendering.rb:36:in `render'
actionpack (5.0.1) lib/action_controller/metal/instrumentation.rb:44:in `block (2 levels) in render'
activesupport (5.0.1) lib/active_support/core_ext/benchmark.rb:12:in `block in ms'
/Users/mwlang/.rvm/rubies/ruby-2.3.1/lib/ruby/2.3.0/benchmark.rb:308:in `realtime'
activesupport (5.0.1) lib/active_support/core_ext/benchmark.rb:12:in `ms'
actionpack (5.0.1) lib/action_controller/metal/instrumentation.rb:44:in `block in render'
actionpack (5.0.1) lib/action_controller/metal/instrumentation.rb:87:in `cleanup_view_runtime'
activerecord (5.0.1) lib/active_record/railties/controller_runtime.rb:25:in `cleanup_view_runtime'
actionpack (5.0.1) lib/action_controller/metal/instrumentation.rb:43:in `render'
actionpack (5.0.1) lib/action_controller/metal/implicit_render.rb:36:in `default_render'
actionpack (5.0.1) lib/action_controller/metal/basic_implicit_render.rb:4:in `block in send_action'
actionpack (5.0.1) lib/action_controller/metal/basic_implicit_render.rb:4:in `tap'
actionpack (5.0.1) lib/action_controller/metal/basic_implicit_render.rb:4:in `send_action'
actionpack (5.0.1) lib/abstract_controller/base.rb:188:in `process_action'
actionpack (5.0.1) lib/action_controller/metal/rendering.rb:30:in `process_action'
actionpack (5.0.1) lib/abstract_controller/callbacks.rb:20:in `block in process_action'
activesupport (5.0.1) lib/active_support/callbacks.rb:126:in `call'
activesupport (5.0.1) lib/active_support/callbacks.rb:506:in `block (2 levels) in compile'
activesupport (5.0.1) lib/active_support/callbacks.rb:455:in `call'
activesupport (5.0.1) lib/active_support/callbacks.rb:101:in `__run_callbacks__'
activesupport (5.0.1) lib/active_support/callbacks.rb:750:in `_run_process_action_callbacks'
activesupport (5.0.1) lib/active_support/callbacks.rb:90:in `run_callbacks'
actionpack (5.0.1) lib/abstract_controller/callbacks.rb:19:in `process_action'
actionpack (5.0.1) lib/action_controller/metal/rescue.rb:20:in `process_action'
actionpack (5.0.1) lib/action_controller/metal/instrumentation.rb:32:in `block in process_action'
activesupport (5.0.1) lib/active_support/notifications.rb:164:in `block in instrument'
activesupport (5.0.1) lib/active_support/notifications/instrumenter.rb:21:in `instrument'
activesupport (5.0.1) lib/active_support/notifications.rb:164:in `instrument'
actionpack (5.0.1) lib/action_controller/metal/instrumentation.rb:30:in `process_action'
actionpack (5.0.1) lib/action_controller/metal/params_wrapper.rb:248:in `process_action'
activerecord (5.0.1) lib/active_record/railties/controller_runtime.rb:18:in `process_action'
actionpack (5.0.1) lib/abstract_controller/base.rb:126:in `process'
actionview (5.0.1) lib/action_view/rendering.rb:30:in `process'
actionpack (5.0.1) lib/action_controller/metal.rb:190:in `dispatch'
actionpack (5.0.1) lib/action_controller/metal.rb:262:in `dispatch'
actionpack (5.0.1) lib/action_dispatch/routing/route_set.rb:50:in `dispatch'
actionpack (5.0.1) lib/action_dispatch/routing/route_set.rb:32:in `serve'
actionpack (5.0.1) lib/action_dispatch/journey/router.rb:39:in `block in serve'
actionpack (5.0.1) lib/action_dispatch/journey/router.rb:26:in `each'
actionpack (5.0.1) lib/action_dispatch/journey/router.rb:26:in `serve'
actionpack (5.0.1) lib/action_dispatch/routing/route_set.rb:725:in `call'
railties (5.0.1) lib/rails/engine.rb:522:in `call'
railties (5.0.1) lib/rails/railtie.rb:193:in `public_send'
railties (5.0.1) lib/rails/railtie.rb:193:in `method_missing'
actionpack (5.0.1) lib/action_dispatch/routing/mapper.rb:17:in `block in <class:Constraints>'
actionpack (5.0.1) lib/action_dispatch/routing/mapper.rb:46:in `serve'
actionpack (5.0.1) lib/action_dispatch/journey/router.rb:39:in `block in serve'
actionpack (5.0.1) lib/action_dispatch/journey/router.rb:26:in `each'
actionpack (5.0.1) lib/action_dispatch/journey/router.rb:26:in `serve'
actionpack (5.0.1) lib/action_dispatch/routing/route_set.rb:725:in `call'
rack (2.0.1) lib/rack/etag.rb:25:in `call'
rack (2.0.1) lib/rack/conditional_get.rb:25:in `call'
rack (2.0.1) lib/rack/head.rb:12:in `call'
rack (2.0.1) lib/rack/session/abstract/id.rb:222:in `context'
rack (2.0.1) lib/rack/session/abstract/id.rb:216:in `call'
actionpack (5.0.1) lib/action_dispatch/middleware/cookies.rb:613:in `call'
activerecord (5.0.1) lib/active_record/migration.rb:553:in `call'
actionpack (5.0.1) lib/action_dispatch/middleware/callbacks.rb:38:in `block in call'
activesupport (5.0.1) lib/active_support/callbacks.rb:97:in `__run_callbacks__'
activesupport (5.0.1) lib/active_support/callbacks.rb:750:in `_run_call_callbacks'
activesupport (5.0.1) lib/active_support/callbacks.rb:90:in `run_callbacks'
actionpack (5.0.1) lib/action_dispatch/middleware/callbacks.rb:36:in `call'
actionpack (5.0.1) lib/action_dispatch/middleware/executor.rb:12:in `call'
actionpack (5.0.1) lib/action_dispatch/middleware/remote_ip.rb:79:in `call'
actionpack (5.0.1) lib/action_dispatch/middleware/debug_exceptions.rb:49:in `call'
actionpack (5.0.1) lib/action_dispatch/middleware/show_exceptions.rb:31:in `call'
railties (5.0.1) lib/rails/rack/logger.rb:36:in `call_app'
railties (5.0.1) lib/rails/rack/logger.rb:24:in `block in call'
activesupport (5.0.1) lib/active_support/tagged_logging.rb:69:in `block in tagged'
activesupport (5.0.1) lib/active_support/tagged_logging.rb:26:in `tagged'
activesupport (5.0.1) lib/active_support/tagged_logging.rb:69:in `tagged'
railties (5.0.1) lib/rails/rack/logger.rb:24:in `call'
actionpack (5.0.1) lib/action_dispatch/middleware/request_id.rb:24:in `call'
rack (2.0.1) lib/rack/method_override.rb:22:in `call'
rack (2.0.1) lib/rack/runtime.rb:22:in `call'
activesupport (5.0.1) lib/active_support/cache/strategy/local_cache_middleware.rb:28:in `call'
actionpack (5.0.1) lib/action_dispatch/middleware/executor.rb:12:in `call'
actionpack (5.0.1) lib/action_dispatch/middleware/static.rb:136:in `call'
rack (2.0.1) lib/rack/sendfile.rb:111:in `call'
railties (5.0.1) lib/rails/engine.rb:522:in `call'
rack (2.0.1) lib/rack/handler/webrick.rb:86:in `service'
/Users/mwlang/.rvm/rubies/ruby-2.3.1/lib/ruby/2.3.0/webrick/httpserver.rb:140:in `service'
/Users/mwlang/.rvm/rubies/ruby-2.3.1/lib/ruby/2.3.0/webrick/httpserver.rb:96:in `run'
/Users/mwlang/.rvm/rubies/ruby-2.3.1/lib/ruby/2.3.0/webrick/server.rb:296:in `block in start_thread'
  Rendering /Users/mwlang/.rvm/gems/ruby-2.3.1/gems/actionpack-5.0.1/lib/action_dispatch/middleware/templates/rescues/diagnostics.html.erb within rescues/layout
  Rendering /Users/mwlang/.rvm/gems/ruby-2.3.1/gems/actionpack-5.0.1/lib/action_dispatch/middleware/templates/rescues/_source.html.erb
  Rendered /Users/mwlang/.rvm/gems/ruby-2.3.1/gems/actionpack-5.0.1/lib/action_dispatch/middleware/templates/rescues/_source.html.erb (4.3ms)
  Rendering /Users/mwlang/.rvm/gems/ruby-2.3.1/gems/actionpack-5.0.1/lib/action_dispatch/middleware/templates/rescues/_trace.html.erb
  Rendered /Users/mwlang/.rvm/gems/ruby-2.3.1/gems/actionpack-5.0.1/lib/action_dispatch/middleware/templates/rescues/_trace.html.erb (1.6ms)
  Rendering /Users/mwlang/.rvm/gems/ruby-2.3.1/gems/actionpack-5.0.1/lib/action_dispatch/middleware/templates/rescues/_request_and_response.html.erb
  Rendered /Users/mwlang/.rvm/gems/ruby-2.3.1/gems/actionpack-5.0.1/lib/action_dispatch/middleware/templates/rescues/_request_and_response.html.erb (0.6ms)
  Rendered /Users/mwlang/.rvm/gems/ruby-2.3.1/gems/actionpack-5.0.1/lib/action_dispatch/middleware/templates/rescues/diagnostics.html.erb within rescues/layout (37.2ms)
Started GET "/editor" for ::1 at 2017-01-22 11:34:45 -0600
Processing by MediumEditorEngine::EditorController#index as HTML
  Rendering /Users/mwlang/projects/gems/medium_editor_engine/app/views/medium_editor_engine/editor/index.html.erb within layouts/medium_editor_engine/application
  Rendered /Users/mwlang/projects/gems/medium_editor_engine/app/views/medium_editor_engine/editor/index.html.erb within layouts/medium_editor_engine/application (7.7ms)
Completed 200 OK in 548ms (Views: 546.0ms | ActiveRecord: 0.0ms)


Started GET "/assets/medium-editor.self-c0817fc1cd898bd226e0f19b87affb7a77799091b1ad7f02b6464b81688600fa.css?body=1" for ::1 at 2017-01-22 11:34:45 -0600
Started GET "/assets/medium_editor_engine/application.self-e3aeec5fd5935b99828fb8f43ec8a1afd3aad7f84cc15ac5eafc65b5ad8ef866.css?body=1" for ::1 at 2017-01-22 11:34:45 -0600
